Flow report for ConvBin2BCD
Tue Nov 14 15:27:42 2023
Quartus II 64-Bit Version 13.1.0 Build 162 10/23/2013 SJ Full Version


---------------------
; Table of Contents ;
---------------------
  1. Legal Notice
  2. Flow Summary
  3. Flow Settings
  4. Flow Non-Default Global Settings
  5. Flow Elapsed Time
  6. Flow OS Summary
  7. Flow Log
  8. Flow Messages
  9. Flow Suppressed Messages



----------------
; Legal Notice ;
----------------
Copyright (C) 1991-2013 Altera Corporation
Your use of Altera Corporation's design tools, logic functions 
and other software and tools, and its AMPP partner logic 
functions, and any output files from any of the foregoing 
(including device programming or simulation files), and any 
associated documentation or information are expressly subject 
to the terms and conditions of the Altera Program License 
Subscription Agreement, Altera MegaCore Function License 
Agreement, or other applicable license agreement, including, 
without limitation, that your use is for the sole purpose of 
programming logic devices manufactured by Altera and sold by 
Altera or its authorized distributors.  Please refer to the 
applicable agreement for further details.



+----------------------------------------------------------------------------------+
; Flow Summary                                                                     ;
+------------------------------------+---------------------------------------------+
; Flow Status                        ; Successful - Tue Nov 14 15:27:42 2023       ;
; Quartus II 64-Bit Version          ; 13.1.0 Build 162 10/23/2013 SJ Full Version ;
; Revision Name                      ; ConvBin2BCD                                 ;
; Top-level Entity Name              ; bin_3bcd                                    ;
; Family                             ; Cyclone III                                 ;
; Device                             ; EP3C120F780C7                               ;
; Timing Models                      ; Final                                       ;
; Total logic elements               ; 69 / 119,088 ( < 1 % )                      ;
;     Total combinational functions  ; 69 / 119,088 ( < 1 % )                      ;
;     Dedicated logic registers      ; 0 / 119,088 ( 0 % )                         ;
; Total registers                    ; 0                                           ;
; Total pins                         ; 24 / 532 ( 5 % )                            ;
; Total virtual pins                 ; 0                                           ;
; Total memory bits                  ; 0 / 3,981,312 ( 0 % )                       ;
; Embedded Multiplier 9-bit elements ; 0 / 576 ( 0 % )                             ;
; Total PLLs                         ; 0 / 4 ( 0 % )                               ;
+------------------------------------+---------------------------------------------+


+-----------------------------------------+
; Flow Settings                           ;
+-------------------+---------------------+
; Option            ; Setting             ;
+-------------------+---------------------+
; Start date & time ; 11/14/2023 15:25:37 ;
; Main task         ; Compilation         ;
; Revision Name     ; ConvBin2BCD         ;
+-------------------+---------------------+


+----------------------------------------------------------------------------------------------------------------------------------------------+
; Flow Non-Default Global Settings                                                                                                             ;
+-------------------------------------+---------------------------------------------------------+---------------+-------------+----------------+
; Assignment Name                     ; Value                                                   ; Default Value ; Entity Name ; Section Id     ;
+-------------------------------------+---------------------------------------------------------+---------------+-------------+----------------+
; COMPILER_SIGNATURE_ID               ; 163683358065594.169998633704776                         ; --            ; --          ; --             ;
; EDA_GENERATE_FUNCTIONAL_NETLIST     ; On                                                      ; --            ; --          ; eda_simulation ;
; EDA_NETLIST_WRITER_OUTPUT_DIR       ; C:/Users/lucianaPC/Desktop/ConvBInaBCD/simulation/qsim/ ; --            ; --          ; eda_simulation ;
; EDA_OUTPUT_DATA_FORMAT              ; Verilog Hdl                                             ; --            ; --          ; eda_simulation ;
; EDA_SIMULATION_TOOL                 ; ModelSim-Altera (Verilog)                               ; <None>        ; --          ; --             ;
; MAX_CORE_JUNCTION_TEMP              ; 85                                                      ; --            ; --          ; --             ;
; MIN_CORE_JUNCTION_TEMP              ; 0                                                       ; --            ; --          ; --             ;
; NOMINAL_CORE_SUPPLY_VOLTAGE         ; 1.2V                                                    ; --            ; --          ; --             ;
; PARTITION_COLOR                     ; 16764057                                                ; --            ; bin_3bcd    ; Top            ;
; PARTITION_FITTER_PRESERVATION_LEVEL ; PLACEMENT_AND_ROUTING                                   ; --            ; bin_3bcd    ; Top            ;
; PARTITION_NETLIST_TYPE              ; SOURCE                                                  ; --            ; bin_3bcd    ; Top            ;
; PROJECT_OUTPUT_DIRECTORY            ; output_files                                            ; --            ; --          ; --             ;
; TOP_LEVEL_ENTITY                    ; bin_3bcd                                                ; ConvBin2BCD   ; --          ; --             ;
+-------------------------------------+---------------------------------------------------------+---------------+-------------+----------------+


+-------------------------------------------------------------------------------------------------------------------------------+
; Flow Elapsed Time                                                                                                             ;
+---------------------------+--------------+-------------------------+---------------------+------------------------------------+
; Module Name               ; Elapsed Time ; Average Processors Used ; Peak Virtual Memory ; Total CPU Time (on all processors) ;
+---------------------------+--------------+-------------------------+---------------------+------------------------------------+
; Analysis & Synthesis      ; 00:00:03     ; 1.0                     ; 548 MB              ; 00:00:03                           ;
; Fitter                    ; 00:00:10     ; 1.3                     ; 1351 MB             ; 00:00:15                           ;
; Assembler                 ; 00:00:04     ; 1.0                     ; 472 MB              ; 00:00:04                           ;
; TimeQuest Timing Analyzer ; 00:00:02     ; 1.0                     ; 605 MB              ; 00:00:02                           ;
; EDA Netlist Writer        ; 00:00:01     ; 1.0                     ; 426 MB              ; 00:00:00                           ;
; EDA Netlist Writer        ; 00:00:01     ; 1.0                     ; 438 MB              ; 00:00:01                           ;
; EDA Netlist Writer        ; 00:00:00     ; 1.0                     ; 438 MB              ; 00:00:01                           ;
; EDA Netlist Writer        ; 00:00:01     ; 1.0                     ; 438 MB              ; 00:00:00                           ;
; EDA Netlist Writer        ; 00:00:00     ; 1.0                     ; 438 MB              ; 00:00:01                           ;
; Total                     ; 00:00:22     ; --                      ; --                  ; 00:00:27                           ;
+---------------------------+--------------+-------------------------+---------------------+------------------------------------+


+----------------------------------------------------------------------------------------+
; Flow OS Summary                                                                        ;
+---------------------------+------------------+-----------+------------+----------------+
; Module Name               ; Machine Hostname ; OS Name   ; OS Version ; Processor type ;
+---------------------------+------------------+-----------+------------+----------------+
; Analysis & Synthesis      ; luciana          ; Windows 7 ; 6.2        ; x86_64         ;
; Fitter                    ; luciana          ; Windows 7 ; 6.2        ; x86_64         ;
; Assembler                 ; luciana          ; Windows 7 ; 6.2        ; x86_64         ;
; TimeQuest Timing Analyzer ; luciana          ; Windows 7 ; 6.2        ; x86_64         ;
; EDA Netlist Writer        ; luciana          ; Windows 7 ; 6.2        ; x86_64         ;
; EDA Netlist Writer        ; luciana          ; Windows 7 ; 6.2        ; x86_64         ;
; EDA Netlist Writer        ; luciana          ; Windows 7 ; 6.2        ; x86_64         ;
; EDA Netlist Writer        ; luciana          ; Windows 7 ; 6.2        ; x86_64         ;
; EDA Netlist Writer        ; luciana          ; Windows 7 ; 6.2        ; x86_64         ;
+---------------------------+------------------+-----------+------------+----------------+


------------
; Flow Log ;
------------
quartus_map --read_settings_files=on --write_settings_files=off ConvBin2BCD -c ConvBin2BCD
quartus_fit --read_settings_files=off --write_settings_files=off ConvBin2BCD -c ConvBin2BCD
quartus_asm --read_settings_files=off --write_settings_files=off ConvBin2BCD -c ConvBin2BCD
quartus_sta ConvBin2BCD -c ConvBin2BCD
quartus_eda --read_settings_files=off --write_settings_files=off ConvBin2BCD -c ConvBin2BCD
quartus_eda --gen_testbench --check_outputs=on --tool=modelsim_oem --format=verilog ConvBin2BCD -c ConvBin2BCD --vector_source=C:/Users/lucianaPC/Desktop/ConvBInaBCD/Waveform_BDC3digitos.vwf --testbench_file=C:/Users/lucianaPC/Desktop/ConvBInaBCD/simulation/qsim/Waveform_BDC3digitos.vwf.vt
quartus_eda --functional=on --flatten_buses=off --simulation=on --tool=modelsim_oem --format=verilog --output_directory=C:/Users/lucianaPC/Desktop/ConvBInaBCD/simulation/qsim/ ConvBin2BCD -c ConvBin2BCD
quartus_eda --gen_testbench --check_outputs=on --tool=modelsim_oem --format=verilog ConvBin2BCD -c ConvBin2BCD --vector_source=C:/Users/lucianaPC/Desktop/ConvBInaBCD/Waveform_BDC3digitos.vwf --testbench_file=C:/Users/lucianaPC/Desktop/ConvBInaBCD/simulation/qsim/Waveform_BDC3digitos.vwf.vt
quartus_eda --functional=on --flatten_buses=off --simulation=on --tool=modelsim_oem --format=verilog --output_directory=C:/Users/lucianaPC/Desktop/ConvBInaBCD/simulation/qsim/ ConvBin2BCD -c ConvBin2BCD



